Determining if the pthread_create exist failed with the following output:
Change Dir: /home/tomelloso/dmp_praktikum/utility/kuka_lwr_model/robot_state_chain_publisher/bin/CMakeFiles/CMakeTmp

Run Build Command:/usr/bin/make "cmTryCompileExec3662513308/fast"
/usr/bin/make -f CMakeFiles/cmTryCompileExec3662513308.dir/build.make CMakeFiles/cmTryCompileExec3662513308.dir/build
make[1]: Entering directory `/home/tomelloso/dmp_praktikum/utility/kuka_lwr_model/robot_state_chain_publisher/bin/CMakeFiles/CMakeTmp'
/usr/bin/cmake -E cmake_progress_report /home/tomelloso/dmp_praktikum/utility/kuka_lwr_model/robot_state_chain_publisher/bin/CMakeFiles/CMakeTmp/CMakeFiles 1
Building C object CMakeFiles/cmTryCompileExec3662513308.dir/CheckSymbolExists.c.o
/usr/bin/cc    -o CMakeFiles/cmTryCompileExec3662513308.dir/CheckSymbolExists.c.o   -c /home/tomelloso/dmp_praktikum/utility/kuka_lwr_model/robot_state_chain_publisher/bin/CMakeFiles/CMakeTmp/CheckSymbolExists.c
Linking C executable cmTryCompileExec3662513308
/usr/bin/cmake -E cmake_link_script CMakeFiles/cmTryCompileExec3662513308.dir/link.txt --verbose=1
/usr/bin/cc       CMakeFiles/cmTryCompileExec3662513308.dir/CheckSymbolExists.c.o  -o cmTryCompileExec3662513308 -rdynamic 
CMakeFiles/cmTryCompileExec3662513308.dir/CheckSymbolExists.c.o: In function `main':
CheckSymbolExists.c:(.text+0x16): undefined reference to `pthread_create'
collect2: error: ld returned 1 exit status
make[1]: *** [cmTryCompileExec3662513308] Error 1
make[1]: Leaving directory `/home/tomelloso/dmp_praktikum/utility/kuka_lwr_model/robot_state_chain_publisher/bin/CMakeFiles/CMakeTmp'
make: *** [cmTryCompileExec3662513308/fast] Error 2

File /home/tomelloso/dmp_praktikum/utility/kuka_lwr_model/robot_state_chain_publisher/bin/CMakeFiles/CMakeTmp/CheckSymbolExists.c:
/* */
#include <pthread.h>

int main(int argc, char** argv)
{
  (void)argv;
#ifndef pthread_create
  return ((int*)(&pthread_create))[argc];
#else
  (void)argc;
  return 0;
#endif
}

Determining if the function pthread_create exists in the pthreads failed with the following output:
Change Dir: /home/tomelloso/dmp_praktikum/utility/kuka_lwr_model/robot_state_chain_publisher/bin/CMakeFiles/CMakeTmp

Run Build Command:/usr/bin/make "cmTryCompileExec853119569/fast"
/usr/bin/make -f CMakeFiles/cmTryCompileExec853119569.dir/build.make CMakeFiles/cmTryCompileExec853119569.dir/build
make[1]: Entering directory `/home/tomelloso/dmp_praktikum/utility/kuka_lwr_model/robot_state_chain_publisher/bin/CMakeFiles/CMakeTmp'
/usr/bin/cmake -E cmake_progress_report /home/tomelloso/dmp_praktikum/utility/kuka_lwr_model/robot_state_chain_publisher/bin/CMakeFiles/CMakeTmp/CMakeFiles 1
Building C object CMakeFiles/cmTryCompileExec853119569.dir/CheckFunctionExists.c.o
/usr/bin/cc   -DCHECK_FUNCTION_EXISTS=pthread_create   -o CMakeFiles/cmTryCompileExec853119569.dir/CheckFunctionExists.c.o   -c /usr/share/cmake-2.8/Modules/CheckFunctionExists.c
Linking C executable cmTryCompileExec853119569
/usr/bin/cmake -E cmake_link_script CMakeFiles/cmTryCompileExec853119569.dir/link.txt --verbose=1
/usr/bin/cc   -DCHECK_FUNCTION_EXISTS=pthread_create    CMakeFiles/cmTryCompileExec853119569.dir/CheckFunctionExists.c.o  -o cmTryCompileExec853119569 -rdynamic -lpthreads 
/usr/bin/ld: cannot find -lpthreads
collect2: error: ld returned 1 exit status
make[1]: *** [cmTryCompileExec853119569] Error 1
make[1]: Leaving directory `/home/tomelloso/dmp_praktikum/utility/kuka_lwr_model/robot_state_chain_publisher/bin/CMakeFiles/CMakeTmp'
make: *** [cmTryCompileExec853119569/fast] Error 2


